2025-08-05 17:19:51,101 - src.analysis.behavioral_analyzer - ERROR - Service analysis failed: [Errno 2] No such file or directory: 'powershell'
2025-08-05 17:19:51,101 - src.analysis.behavioral_analyzer - ERROR - Scheduled task analysis failed: [Errno 2] No such file or directory: 'schtasks'
2025-08-05 17:19:51,102 - src.analysis.network_analyzer - ERROR - Current connection analysis failed: [Errno 2] No such file or directory: 'netstat'
2025-08-05 17:19:51,102 - src.analysis.network_analyzer - ERROR - DNS query analysis failed: [Errno 2] No such file or directory: 'nslookup'
2025-08-05 17:19:51,102 - src.analysis.network_analyzer - ERROR - Current connection analysis failed: [Errno 2] No such file or directory: 'netstat'
2025-08-05 17:19:51,103 - src.analysis.network_analyzer - ERROR - Current connection analysis failed: [Errno 2] No such file or directory: 'netstat'
2025-08-05 17:19:51,103 - src.analysis.network_analyzer - ERROR - Current connection analysis failed: [Errno 2] No such file or directory: 'netstat'
2025-08-05 17:43:37,806 - src.utils.hardware_optimizer - ERROR - Monitoring loop error: 'HardwareOptimizer' object has no attribute 'optimimize_mining'
2025-08-05 17:43:47,806 - src.utils.hardware_optimizer - ERROR - Monitoring loop error: 'HardwareOptimizer' object has no attribute 'optimimize_mining'
2025-08-05 17:44:08,537 - src.utils.warranty_checker - ERROR - smartctl parsing failed: [Errno 2] No such file or directory: 'smartctl'
2025-08-05 17:44:08,538 - src.utils.warranty_checker - ERROR - Basic drive info failed: [Errno 2] No such file or directory: '/dev/root'
2025-08-05 17:44:08,539 - src.utils.warranty_checker - ERROR - smartctl parsing failed: [Errno 2] No such file or directory: 'smartctl'
2025-08-05 17:44:08,539 - src.utils.warranty_checker - ERROR - Basic drive info failed: [Errno 2] No such file or directory: '/dev/root'
2025-08-05 17:44:08,540 - src.utils.warranty_checker - ERROR - smartctl parsing failed: [Errno 2] No such file or directory: 'smartctl'
2025-08-05 17:44:08,540 - src.utils.warranty_checker - ERROR - Basic drive info failed: [Errno 2] No such file or directory: '/dev/root'
2025-08-05 17:44:08,541 - src.utils.warranty_checker - ERROR - smartctl parsing failed: [Errno 2] No such file or directory: 'smartctl'
2025-08-05 17:44:08,541 - src.utils.warranty_checker - ERROR - Basic drive info failed: [Errno 2] No such file or directory: '/dev/root'
2025-08-05 17:44:08,542 - src.utils.warranty_checker - ERROR - smartctl parsing failed: [Errno 2] No such file or directory: 'smartctl'
2025-08-05 17:44:08,542 - src.utils.warranty_checker - ERROR - Basic drive info failed: [Errno 2] No such file or directory: '/dev/root'
2025-08-05 17:44:08,543 - src.utils.warranty_checker - ERROR - smartctl parsing failed: [Errno 2] No such file or directory: 'smartctl'
2025-08-05 17:44:08,543 - src.utils.warranty_checker - ERROR - Basic drive info failed: [Errno 2] No such file or directory: '/dev/root'
2025-08-05 17:56:50,660 - src.utils.forensic_awareness - ERROR - Comprehensive forensic scan failed: asdict() should be called on dataclass instances
2025-08-05 18:03:48,900 - src.utils.warranty_checker - ERROR - smartctl parsing failed: [Errno 2] No such file or directory: 'smartctl'
2025-08-05 18:03:48,900 - src.utils.warranty_checker - ERROR - Basic drive info failed: [Errno 2] No such file or directory: '/dev/root'
2025-08-05 18:03:48,901 - src.utils.warranty_checker - ERROR - smartctl parsing failed: [Errno 2] No such file or directory: 'smartctl'
2025-08-05 18:03:48,901 - src.utils.warranty_checker - ERROR - Basic drive info failed: [Errno 2] No such file or directory: '/dev/root'
2025-08-05 18:03:48,903 - src.utils.warranty_checker - ERROR - smartctl parsing failed: [Errno 2] No such file or directory: 'smartctl'
2025-08-05 18:03:48,903 - src.utils.warranty_checker - ERROR - Basic drive info failed: [Errno 2] No such file or directory: '/dev/root'
2025-08-05 18:03:48,904 - src.utils.warranty_checker - ERROR - smartctl parsing failed: [Errno 2] No such file or directory: 'smartctl'
2025-08-05 18:03:48,904 - src.utils.warranty_checker - ERROR - Basic drive info failed: [Errno 2] No such file or directory: '/dev/root'
2025-08-05 18:03:48,905 - src.utils.warranty_checker - ERROR - smartctl parsing failed: [Errno 2] No such file or directory: 'smartctl'
2025-08-05 18:03:48,905 - src.utils.warranty_checker - ERROR - Basic drive info failed: [Errno 2] No such file or directory: '/dev/root'
2025-08-05 18:03:48,906 - src.utils.warranty_checker - ERROR - smartctl parsing failed: [Errno 2] No such file or directory: 'smartctl'
2025-08-05 18:03:48,906 - src.utils.warranty_checker - ERROR - Basic drive info failed: [Errno 2] No such file or directory: '/dev/root'
2025-08-05 18:08:14,165 - src.analysis.behavioral_analyzer - ERROR - Service analysis failed: [Errno 2] No such file or directory: 'powershell'
2025-08-05 18:08:14,165 - src.analysis.behavioral_analyzer - ERROR - Scheduled task analysis failed: [Errno 2] No such file or directory: 'schtasks'
2025-08-05 18:08:14,165 - src.analysis.network_analyzer - ERROR - Current connection analysis failed: [Errno 2] No such file or directory: 'netstat'
2025-08-05 18:08:14,166 - src.analysis.network_analyzer - ERROR - DNS query analysis failed: [Errno 2] No such file or directory: 'nslookup'
2025-08-05 18:08:14,166 - src.analysis.network_analyzer - ERROR - Current connection analysis failed: [Errno 2] No such file or directory: 'netstat'
2025-08-05 18:08:14,166 - src.analysis.network_analyzer - ERROR - Current connection analysis failed: [Errno 2] No such file or directory: 'netstat'
2025-08-05 18:08:14,166 - src.analysis.network_analyzer - ERROR - Current connection analysis failed: [Errno 2] No such file or directory: 'netstat'
2025-08-05 18:29:44,086 - src.utils.warranty_checker - ERROR - smartctl parsing failed: [Errno 2] No such file or directory: 'smartctl'
2025-08-05 18:29:44,086 - src.utils.warranty_checker - ERROR - Basic drive info failed: [Errno 2] No such file or directory: '/dev/root'
2025-08-05 18:29:44,087 - src.utils.warranty_checker - ERROR - smartctl parsing failed: [Errno 2] No such file or directory: 'smartctl'
2025-08-05 18:29:44,087 - src.utils.warranty_checker - ERROR - Basic drive info failed: [Errno 2] No such file or directory: '/dev/root'
2025-08-05 18:29:44,088 - src.utils.warranty_checker - ERROR - smartctl parsing failed: [Errno 2] No such file or directory: 'smartctl'
2025-08-05 18:29:44,088 - src.utils.warranty_checker - ERROR - Basic drive info failed: [Errno 2] No such file or directory: '/dev/root'
2025-08-05 18:29:44,089 - src.utils.warranty_checker - ERROR - smartctl parsing failed: [Errno 2] No such file or directory: 'smartctl'
2025-08-05 18:29:44,089 - src.utils.warranty_checker - ERROR - Basic drive info failed: [Errno 2] No such file or directory: '/dev/root'
2025-08-05 18:29:44,090 - src.utils.warranty_checker - ERROR - smartctl parsing failed: [Errno 2] No such file or directory: 'smartctl'
2025-08-05 18:29:44,090 - src.utils.warranty_checker - ERROR - Basic drive info failed: [Errno 2] No such file or directory: '/dev/root'
2025-08-05 18:29:44,091 - src.utils.warranty_checker - ERROR - smartctl parsing failed: [Errno 2] No such file or directory: 'smartctl'
2025-08-05 18:29:44,091 - src.utils.warranty_checker - ERROR - Basic drive info failed: [Errno 2] No such file or directory: '/dev/root'
2025-08-05 18:29:52,173 - src.analysis.behavioral_analyzer - ERROR - Service analysis failed: [Errno 2] No such file or directory: 'powershell'
2025-08-05 18:29:52,174 - src.analysis.behavioral_analyzer - ERROR - Scheduled task analysis failed: [Errno 2] No such file or directory: 'schtasks'
2025-08-05 18:29:52,175 - src.analysis.network_analyzer - ERROR - Current connection analysis failed: [Errno 2] No such file or directory: 'netstat'
2025-08-05 18:29:52,175 - src.analysis.network_analyzer - ERROR - DNS query analysis failed: [Errno 2] No such file or directory: 'nslookup'
2025-08-05 18:29:52,175 - src.analysis.network_analyzer - ERROR - Current connection analysis failed: [Errno 2] No such file or directory: 'netstat'
2025-08-05 18:29:52,176 - src.analysis.network_analyzer - ERROR - Current connection analysis failed: [Errno 2] No such file or directory: 'netstat'
2025-08-05 18:29:52,176 - src.analysis.network_analyzer - ERROR - Current connection analysis failed: [Errno 2] No such file or directory: 'netstat'
