2025-08-05 17:19:51,097 - src.utils.validator - WARNING - No explicit investigation authorization found
2025-08-05 17:19:51,100 - src.analysis.static_analyzer - WARNING - Failed to load YARA rule yara_rules/urcs_detection.yar: yara_rules/urcs_detection.yar(383): unreferenced string "$unlink"
2025-08-05 17:19:51,101 - src.analysis.behavioral_analyzer - ERROR - Service analysis failed: [Errno 2] No such file or directory: 'powershell'
2025-08-05 17:19:51,101 - src.analysis.behavioral_analyzer - ERROR - Scheduled task analysis failed: [Errno 2] No such file or directory: 'schtasks'
2025-08-05 17:19:51,102 - src.analysis.network_analyzer - ERROR - Current connection analysis failed: [Errno 2] No such file or directory: 'netstat'
2025-08-05 17:19:51,102 - src.analysis.network_analyzer - ERROR - DNS query analysis failed: [Errno 2] No such file or directory: 'nslookup'
2025-08-05 17:19:51,102 - src.analysis.network_analyzer - ERROR - Current connection analysis failed: [Errno 2] No such file or directory: 'netstat'
2025-08-05 17:19:51,103 - src.analysis.network_analyzer - ERROR - Current connection analysis failed: [Errno 2] No such file or directory: 'netstat'
2025-08-05 17:19:51,103 - src.analysis.network_analyzer - ERROR - Current connection analysis failed: [Errno 2] No such file or directory: 'netstat'
2025-08-05 17:33:29,874 - src.utils.validator - WARNING - No explicit investigation authorization found
2025-08-05 17:34:12,226 - src.utils.validator - WARNING - No explicit investigation authorization found
2025-08-05 17:34:12,230 - src.analysis.static_analyzer - WARNING - Failed to load YARA rule yara_rules/urcs_detection.yar: yara_rules/urcs_detection.yar(335): unreferenced string "$setup"
2025-08-05 17:43:36,794 - src.utils.validator - WARNING - No explicit investigation authorization found
2025-08-05 17:43:37,806 - src.utils.hardware_optimizer - ERROR - Monitoring loop error: 'HardwareOptimizer' object has no attribute 'optimimize_mining'
2025-08-05 17:43:47,806 - src.utils.hardware_optimizer - ERROR - Monitoring loop error: 'HardwareOptimizer' object has no attribute 'optimimize_mining'
2025-08-05 17:43:52,806 - src.utils.hardware_optimizer - WARNING - EMERGENCY STOP ACTIVATED - Zeroing all mining activity
2025-08-05 17:44:08,529 - src.utils.validator - WARNING - No explicit investigation authorization found
2025-08-05 17:44:08,537 - src.utils.warranty_checker - ERROR - smartctl parsing failed: [Errno 2] No such file or directory: 'smartctl'
2025-08-05 17:44:08,538 - src.utils.warranty_checker - ERROR - Basic drive info failed: [Errno 2] No such file or directory: '/dev/root'
2025-08-05 17:44:08,539 - src.utils.warranty_checker - ERROR - smartctl parsing failed: [Errno 2] No such file or directory: 'smartctl'
2025-08-05 17:44:08,539 - src.utils.warranty_checker - ERROR - Basic drive info failed: [Errno 2] No such file or directory: '/dev/root'
2025-08-05 17:44:08,540 - src.utils.warranty_checker - ERROR - smartctl parsing failed: [Errno 2] No such file or directory: 'smartctl'
2025-08-05 17:44:08,540 - src.utils.warranty_checker - ERROR - Basic drive info failed: [Errno 2] No such file or directory: '/dev/root'
2025-08-05 17:44:08,541 - src.utils.warranty_checker - ERROR - smartctl parsing failed: [Errno 2] No such file or directory: 'smartctl'
2025-08-05 17:44:08,541 - src.utils.warranty_checker - ERROR - Basic drive info failed: [Errno 2] No such file or directory: '/dev/root'
2025-08-05 17:44:08,542 - src.utils.warranty_checker - ERROR - smartctl parsing failed: [Errno 2] No such file or directory: 'smartctl'
2025-08-05 17:44:08,542 - src.utils.warranty_checker - ERROR - Basic drive info failed: [Errno 2] No such file or directory: '/dev/root'
2025-08-05 17:44:08,543 - src.utils.warranty_checker - ERROR - smartctl parsing failed: [Errno 2] No such file or directory: 'smartctl'
2025-08-05 17:44:08,543 - src.utils.warranty_checker - ERROR - Basic drive info failed: [Errno 2] No such file or directory: '/dev/root'
2025-08-05 17:56:49,528 - src.utils.validator - WARNING - No explicit investigation authorization found
2025-08-05 17:56:50,660 - src.utils.forensic_awareness - ERROR - Comprehensive forensic scan failed: asdict() should be called on dataclass instances
2025-08-05 17:57:00,908 - src.utils.validator - WARNING - No explicit investigation authorization found
2025-08-05 17:57:21,481 - src.utils.validator - WARNING - No explicit investigation authorization found
2025-08-05 17:57:33,792 - src.utils.validator - WARNING - No explicit investigation authorization found
2025-08-05 18:02:49,393 - src.utils.validator - WARNING - No explicit investigation authorization found
2025-08-05 18:03:24,446 - src.utils.validator - WARNING - No explicit investigation authorization found
2025-08-05 18:03:40,453 - src.utils.hardware_optimizer - WARNING - EMERGENCY STOP ACTIVATED - Zeroing all mining activity
2025-08-05 18:03:48,897 - src.utils.validator - WARNING - No explicit investigation authorization found
2025-08-05 18:03:48,900 - src.utils.warranty_checker - ERROR - smartctl parsing failed: [Errno 2] No such file or directory: 'smartctl'
2025-08-05 18:03:48,900 - src.utils.warranty_checker - ERROR - Basic drive info failed: [Errno 2] No such file or directory: '/dev/root'
2025-08-05 18:03:48,901 - src.utils.warranty_checker - ERROR - smartctl parsing failed: [Errno 2] No such file or directory: 'smartctl'
2025-08-05 18:03:48,901 - src.utils.warranty_checker - ERROR - Basic drive info failed: [Errno 2] No such file or directory: '/dev/root'
2025-08-05 18:03:48,903 - src.utils.warranty_checker - ERROR - smartctl parsing failed: [Errno 2] No such file or directory: 'smartctl'
2025-08-05 18:03:48,903 - src.utils.warranty_checker - ERROR - Basic drive info failed: [Errno 2] No such file or directory: '/dev/root'
2025-08-05 18:03:48,904 - src.utils.warranty_checker - ERROR - smartctl parsing failed: [Errno 2] No such file or directory: 'smartctl'
2025-08-05 18:03:48,904 - src.utils.warranty_checker - ERROR - Basic drive info failed: [Errno 2] No such file or directory: '/dev/root'
2025-08-05 18:03:48,905 - src.utils.warranty_checker - ERROR - smartctl parsing failed: [Errno 2] No such file or directory: 'smartctl'
2025-08-05 18:03:48,905 - src.utils.warranty_checker - ERROR - Basic drive info failed: [Errno 2] No such file or directory: '/dev/root'
2025-08-05 18:03:48,906 - src.utils.warranty_checker - ERROR - smartctl parsing failed: [Errno 2] No such file or directory: 'smartctl'
2025-08-05 18:03:48,906 - src.utils.warranty_checker - ERROR - Basic drive info failed: [Errno 2] No such file or directory: '/dev/root'
2025-08-05 18:04:12,291 - src.utils.validator - WARNING - No explicit investigation authorization found
2025-08-05 18:05:22,898 - src.utils.validator - WARNING - No explicit investigation authorization found
2025-08-05 18:08:14,158 - src.utils.validator - WARNING - No explicit investigation authorization found
2025-08-05 18:08:14,164 - src.analysis.static_analyzer - WARNING - Failed to load YARA rule yara_rules/urcs_detection.yar: yara_rules/urcs_detection.yar(126): unreferenced string "$service_masquerade"
2025-08-05 18:08:14,165 - src.analysis.behavioral_analyzer - ERROR - Service analysis failed: [Errno 2] No such file or directory: 'powershell'
2025-08-05 18:08:14,165 - src.analysis.behavioral_analyzer - ERROR - Scheduled task analysis failed: [Errno 2] No such file or directory: 'schtasks'
2025-08-05 18:08:14,165 - src.analysis.network_analyzer - ERROR - Current connection analysis failed: [Errno 2] No such file or directory: 'netstat'
2025-08-05 18:08:14,166 - src.analysis.network_analyzer - ERROR - DNS query analysis failed: [Errno 2] No such file or directory: 'nslookup'
2025-08-05 18:08:14,166 - src.analysis.network_analyzer - ERROR - Current connection analysis failed: [Errno 2] No such file or directory: 'netstat'
2025-08-05 18:08:14,166 - src.analysis.network_analyzer - ERROR - Current connection analysis failed: [Errno 2] No such file or directory: 'netstat'
2025-08-05 18:08:14,166 - src.analysis.network_analyzer - ERROR - Current connection analysis failed: [Errno 2] No such file or directory: 'netstat'
2025-08-05 18:08:21,615 - src.utils.validator - WARNING - No explicit investigation authorization found
2025-08-05 18:08:26,193 - src.utils.validator - WARNING - No explicit investigation authorization found
2025-08-05 18:28:44,317 - src.utils.validator - WARNING - No explicit investigation authorization found
2025-08-05 18:29:20,146 - src.utils.validator - WARNING - No explicit investigation authorization found
2025-08-05 18:29:36,153 - src.utils.hardware_optimizer - WARNING - EMERGENCY STOP ACTIVATED - Zeroing all mining activity
2025-08-05 18:29:44,083 - src.utils.validator - WARNING - No explicit investigation authorization found
2025-08-05 18:29:44,086 - src.utils.warranty_checker - ERROR - smartctl parsing failed: [Errno 2] No such file or directory: 'smartctl'
2025-08-05 18:29:44,086 - src.utils.warranty_checker - ERROR - Basic drive info failed: [Errno 2] No such file or directory: '/dev/root'
2025-08-05 18:29:44,087 - src.utils.warranty_checker - ERROR - smartctl parsing failed: [Errno 2] No such file or directory: 'smartctl'
2025-08-05 18:29:44,087 - src.utils.warranty_checker - ERROR - Basic drive info failed: [Errno 2] No such file or directory: '/dev/root'
2025-08-05 18:29:44,088 - src.utils.warranty_checker - ERROR - smartctl parsing failed: [Errno 2] No such file or directory: 'smartctl'
2025-08-05 18:29:44,088 - src.utils.warranty_checker - ERROR - Basic drive info failed: [Errno 2] No such file or directory: '/dev/root'
2025-08-05 18:29:44,089 - src.utils.warranty_checker - ERROR - smartctl parsing failed: [Errno 2] No such file or directory: 'smartctl'
2025-08-05 18:29:44,089 - src.utils.warranty_checker - ERROR - Basic drive info failed: [Errno 2] No such file or directory: '/dev/root'
2025-08-05 18:29:44,090 - src.utils.warranty_checker - ERROR - smartctl parsing failed: [Errno 2] No such file or directory: 'smartctl'
2025-08-05 18:29:44,090 - src.utils.warranty_checker - ERROR - Basic drive info failed: [Errno 2] No such file or directory: '/dev/root'
2025-08-05 18:29:44,091 - src.utils.warranty_checker - ERROR - smartctl parsing failed: [Errno 2] No such file or directory: 'smartctl'
2025-08-05 18:29:44,091 - src.utils.warranty_checker - ERROR - Basic drive info failed: [Errno 2] No such file or directory: '/dev/root'
2025-08-05 18:29:47,053 - src.utils.validator - WARNING - No explicit investigation authorization found
2025-08-05 18:29:52,168 - src.utils.validator - WARNING - No explicit investigation authorization found
2025-08-05 18:29:52,172 - src.analysis.static_analyzer - WARNING - Failed to load YARA rule yara_rules/urcs_detection.yar: yara_rules/urcs_detection.yar(126): unreferenced string "$service_masquerade"
2025-08-05 18:29:52,173 - src.analysis.behavioral_analyzer - ERROR - Service analysis failed: [Errno 2] No such file or directory: 'powershell'
2025-08-05 18:29:52,174 - src.analysis.behavioral_analyzer - ERROR - Scheduled task analysis failed: [Errno 2] No such file or directory: 'schtasks'
2025-08-05 18:29:52,175 - src.analysis.network_analyzer - ERROR - Current connection analysis failed: [Errno 2] No such file or directory: 'netstat'
2025-08-05 18:29:52,175 - src.analysis.network_analyzer - ERROR - DNS query analysis failed: [Errno 2] No such file or directory: 'nslookup'
2025-08-05 18:29:52,175 - src.analysis.network_analyzer - ERROR - Current connection analysis failed: [Errno 2] No such file or directory: 'netstat'
2025-08-05 18:29:52,176 - src.analysis.network_analyzer - ERROR - Current connection analysis failed: [Errno 2] No such file or directory: 'netstat'
2025-08-05 18:29:52,176 - src.analysis.network_analyzer - ERROR - Current connection analysis failed: [Errno 2] No such file or directory: 'netstat'
2025-08-05 18:29:55,355 - src.utils.validator - WARNING - No explicit investigation authorization found
